<?xml version="1.0" encoding="UTF-8"?>
<!-- Generated by org.testng.reporters.JUnitReportReporter -->
<testsuite hostname="LAPTOP-OUKH0HKJ" failures="0" tests="2" name="Assignment1.Assignment1Test" time="25.254" errors="0" timestamp="1 Mar 2022 07:47:48 GMT">
  <testcase classname="Assignment1.Assignment1Test" name="validUnamePwd" time="22.562"/>
  <testcase classname="Assignment1.Assignment1Test" name="invalidUserPwd" time="2.692"/>
</testsuite> <!-- Assignment1.Assignment1Test -->
